build/app/intermediates/manifest_merge_blame_file/debug/manifest-merger-blame-debug-report.txt
1<?xml version="1.0" encoding="utf-8"?>
2<manifest xmlns:android="http://schemas.android.com/apk/res/android"
3    package="com.example.flutterlogindemo"
4    android:versionCode="1"
5    android:versionName="1.0" >
6
7    <uses-sdk
8        android:minSdkVersion="16"
9        android:targetSdkVersion="28" />
10    <!--
11         Flutter needs it to communicate with the running application
12         to allow setting breakpoints, to provide hot reload, etc.
13    -->
14    <uses-permission android:name="android.permission.INTERNET" />
14-->src\main\AndroidManifest.xml:8:5-66
14-->src\main\AndroidManifest.xml:8:22-64
15    <!-- Although the *SdkVersion is captured in gradle build files, this is required for non gradle builds -->
16    <!-- <uses-sdk android:minSdkVersion="14"/> -->
17    <uses-permission android:name="android.permission.ACCESS_NETWORK_STATE" />
17-->[com.google.firebase:firebase-database:17.0.0] AndroidManifest.xml:25:5-79
17-->[com.google.firebase:firebase-database:17.0.0] AndroidManifest.xml:25:22-76
18    <uses-permission android:name="android.permission.WAKE_LOCK" /> <!-- Required by older versions of Google Play services to create IID tokens -->
18-->[com.google.android.gms:play-services-measurement-api:16.5.0] AndroidManifest.xml:24:5-68
18-->[com.google.android.gms:play-services-measurement-api:16.5.0] AndroidManifest.xml:24:22-65
19    <uses-permission android:name="com.google.android.c2dm.permission.RECEIVE" />
19-->[com.google.firebase:firebase-iid:17.1.2] AndroidManifest.xml:26:5-82
19-->[com.google.firebase:firebase-iid:17.1.2] AndroidManifest.xml:26:22-79
20    <uses-permission android:name="com.google.android.finsky.permission.BIND_GET_INSTALL_REFERRER_SERVICE" />
20-->[com.google.android.gms:play-services-measurement:16.5.0] AndroidManifest.xml:26:5-110
20-->[com.google.android.gms:play-services-measurement:16.5.0] AndroidManifest.xml:26:22-107
21    <!--
22 io.flutter.app.FlutterApplication is an android.app.Application that
23         calls FlutterMain.startInitialization(this); in its onCreate method.
24         In most cases you can leave this as-is, but you if you want to provide
25         additional functionality it is fine to subclass or reimplement
26         FlutterApplication and put your custom class here.
27    -->
28    <application
28-->src\main\AndroidManifest.xml:15:5-38:19
29        android:name="io.flutter.app.FlutterApplication"
29-->src\main\AndroidManifest.xml:16:9-57
30        android:appComponentFactory="androidx.core.app.CoreComponentFactory"
30-->[androidx.core:core:1.0.0] AndroidManifest.xml:22:18-86
31        android:debuggable="true"
32        android:icon="@mipmap/ic_launcher"
32-->src\main\AndroidManifest.xml:18:9-43
33        android:label="flutter_login_demo" >
33-->src\main\AndroidManifest.xml:17:9-43
34        <activity
34-->src\main\AndroidManifest.xml:19:9-37:20
35            android:name="com.example.flutterlogindemo.MainActivity"
35-->src\main\AndroidManifest.xml:20:13-41
36            android:configChanges="orientation|keyboardHidden|keyboard|screenSize|locale|layoutDirection|fontScale|screenLayout|density"
36-->src\main\AndroidManifest.xml:23:13-137
37            android:hardwareAccelerated="true"
37-->src\main\AndroidManifest.xml:24:13-47
38            android:launchMode="singleTop"
38-->src\main\AndroidManifest.xml:21:13-43
39            android:theme="@style/LaunchTheme"
39-->src\main\AndroidManifest.xml:22:13-47
40            android:windowSoftInputMode="adjustResize" >
40-->src\main\AndroidManifest.xml:25:13-55
41
42            <!--
43                 This keeps the window background of the activity showing
44                 until Flutter renders its first frame. It can be removed if
45                 there is no splash screen (such as the default splash screen
46                 defined in @style/LaunchTheme).
47            -->
48            <meta-data
48-->src\main\AndroidManifest.xml:30:13-32:40
49                android:name="io.flutter.app.android.SplashScreenUntilFirstFrame"
49-->src\main\AndroidManifest.xml:31:17-82
50                android:value="true" />
50-->src\main\AndroidManifest.xml:32:17-37
51
52            <intent-filter>
52-->src\main\AndroidManifest.xml:33:13-36:29
53                <action android:name="android.intent.action.MAIN" />
53-->src\main\AndroidManifest.xml:34:17-68
53-->src\main\AndroidManifest.xml:34:25-66
54
55                <category android:name="android.intent.category.LAUNCHER" />
55-->src\main\AndroidManifest.xml:35:17-76
55-->src\main\AndroidManifest.xml:35:27-74
56            </intent-filter>
57        </activity>
58
59        <service
59-->[:firebase_core] AndroidManifest.xml:8:9-12:19
60            android:name="com.google.firebase.components.ComponentDiscoveryService"
60-->[:firebase_core] AndroidManifest.xml:8:18-89
61            android:exported="false" >
61-->[com.google.firebase:firebase-auth:17.0.0] AndroidManifest.xml:35:13-37
62            <meta-data
62-->[:firebase_core] AndroidManifest.xml:9:13-11:85
63                android:name="com.google.firebase.components:io.flutter.plugins.firebase.core.FlutterFirebaseAppRegistrar"
63-->[:firebase_core] AndroidManifest.xml:10:17-123
64                android:value="com.google.firebase.components.ComponentRegistrar" />
64-->[:firebase_core] AndroidManifest.xml:11:17-82
65            <meta-data
65-->[:firebase_auth] AndroidManifest.xml:9:13-11:85
66                android:name="com.google.firebase.components:io.flutter.plugins.firebaseauth.FlutterFirebaseAppRegistrar"
66-->[:firebase_auth] AndroidManifest.xml:10:17-122
67                android:value="com.google.firebase.components.ComponentRegistrar" />
67-->[:firebase_auth] AndroidManifest.xml:11:17-82
68            <meta-data
68-->[:firebase_database] AndroidManifest.xml:9:13-11:85
69                android:name="com.google.firebase.components:io.flutter.plugins.firebase.database.FlutterFirebaseAppRegistrar"
69-->[:firebase_database] AndroidManifest.xml:10:17-127
70                android:value="com.google.firebase.components.ComponentRegistrar" />
70-->[:firebase_database] AndroidManifest.xml:11:17-82
71            <meta-data
71-->[com.google.firebase:firebase-auth:17.0.0] AndroidManifest.xml:36:13-38:85
72                android:name="com.google.firebase.components:com.google.firebase.auth.FirebaseAuthRegistrar"
72-->[com.google.firebase:firebase-auth:17.0.0] AndroidManifest.xml:37:17-109
73                android:value="com.google.firebase.components.ComponentRegistrar" />
73-->[com.google.firebase:firebase-auth:17.0.0] AndroidManifest.xml:38:17-82
74            <meta-data
74-->[com.google.firebase:firebase-database:17.0.0] AndroidManifest.xml:30:13-32:85
75                android:name="com.google.firebase.components:com.google.firebase.database.DatabaseRegistrar"
75-->[com.google.firebase:firebase-database:17.0.0] AndroidManifest.xml:31:17-109
76                android:value="com.google.firebase.components.ComponentRegistrar" />
76-->[com.google.firebase:firebase-database:17.0.0] AndroidManifest.xml:32:17-82
77            <meta-data
77-->[com.google.android.gms:play-services-measurement-api:16.5.0] AndroidManifest.xml:30:13-32:85
78                android:name="com.google.firebase.components:com.google.firebase.analytics.connector.internal.AnalyticsConnectorRegistrar"
78-->[com.google.android.gms:play-services-measurement-api:16.5.0] AndroidManifest.xml:31:17-139
79                android:value="com.google.firebase.components.ComponentRegistrar" />
79-->[com.google.android.gms:play-services-measurement-api:16.5.0] AndroidManifest.xml:32:17-82
80            <meta-data
80-->[com.google.firebase:firebase-iid:17.1.2] AndroidManifest.xml:32:13-34:85
81                android:name="com.google.firebase.components:com.google.firebase.iid.Registrar"
81-->[com.google.firebase:firebase-iid:17.1.2] AndroidManifest.xml:33:17-96
82                android:value="com.google.firebase.components.ComponentRegistrar" />
82-->[com.google.firebase:firebase-iid:17.1.2] AndroidManifest.xml:34:17-82
83        </service>
84
85        <activity
85-->[com.google.firebase:firebase-auth:17.0.0] AndroidManifest.xml:24:9-31:50
86            android:name="com.google.firebase.auth.internal.FederatedSignInActivity"
86-->[com.google.firebase:firebase-auth:17.0.0] AndroidManifest.xml:25:13-85
87            android:excludeFromRecents="true"
87-->[com.google.firebase:firebase-auth:17.0.0] AndroidManifest.xml:26:13-46
88            android:exported="true"
88-->[com.google.firebase:firebase-auth:17.0.0] AndroidManifest.xml:27:13-36
89            android:launchMode="singleTask"
89-->[com.google.firebase:firebase-auth:17.0.0] AndroidManifest.xml:28:13-44
90            android:permission="com.google.firebase.auth.api.gms.permission.LAUNCH_FEDERATED_SIGN_IN"
90-->[com.google.firebase:firebase-auth:17.0.0] AndroidManifest.xml:29:13-102
91            android:theme="@android:style/Theme.Translucent.NoTitleBar" />
91-->[com.google.firebase:firebase-auth:17.0.0] AndroidManifest.xml:30:13-72
92
93        <receiver
93-->[com.google.firebase:firebase-iid:17.1.2] AndroidManifest.xml:37:9-44:20
94            android:name="com.google.firebase.iid.FirebaseInstanceIdReceiver"
94-->[com.google.firebase:firebase-iid:17.1.2] AndroidManifest.xml:38:13-78
95            android:exported="true"
95-->[com.google.firebase:firebase-iid:17.1.2] AndroidManifest.xml:39:13-36
96            android:permission="com.google.android.c2dm.permission.SEND" >
96-->[com.google.firebase:firebase-iid:17.1.2] AndroidManifest.xml:40:13-73
97            <intent-filter>
97-->[com.google.firebase:firebase-iid:17.1.2] AndroidManifest.xml:41:13-43:29
98                <action android:name="com.google.android.c2dm.intent.RECEIVE" />
98-->[com.google.firebase:firebase-iid:17.1.2] AndroidManifest.xml:42:17-81
98-->[com.google.firebase:firebase-iid:17.1.2] AndroidManifest.xml:42:25-78
99            </intent-filter>
100        </receiver>
101        <!--
102             FirebaseInstanceIdService performs security checks at runtime,
103             no need for explicit permissions despite exported="true"
104        -->
105        <service
105-->[com.google.firebase:firebase-iid:17.1.2] AndroidManifest.xml:50:9-56:19
106            android:name="com.google.firebase.iid.FirebaseInstanceIdService"
106-->[com.google.firebase:firebase-iid:17.1.2] AndroidManifest.xml:51:13-77
107            android:exported="true" >
107-->[com.google.firebase:firebase-iid:17.1.2] AndroidManifest.xml:52:13-36
108            <intent-filter android:priority="-500" >
108-->[com.google.firebase:firebase-iid:17.1.2] AndroidManifest.xml:53:13-55:29
108-->[com.google.firebase:firebase-iid:17.1.2] AndroidManifest.xml:53:28-51
109                <action android:name="com.google.firebase.INSTANCE_ID_EVENT" />
109-->[com.google.firebase:firebase-iid:17.1.2] AndroidManifest.xml:54:17-80
109-->[com.google.firebase:firebase-iid:17.1.2] AndroidManifest.xml:54:25-77
110            </intent-filter>
111        </service>
112
113        <provider
113-->[com.google.firebase:firebase-common:17.0.0] AndroidManifest.xml:12:9-16:39
114            android:name="com.google.firebase.provider.FirebaseInitProvider"
114-->[com.google.firebase:firebase-common:17.0.0] AndroidManifest.xml:13:13-77
115            android:authorities="com.example.flutterlogindemo.firebaseinitprovider"
115-->[com.google.firebase:firebase-common:17.0.0] AndroidManifest.xml:14:13-72
116            android:exported="false"
116-->[com.google.firebase:firebase-common:17.0.0] AndroidManifest.xml:15:13-37
117            android:initOrder="100" />
117-->[com.google.firebase:firebase-common:17.0.0] AndroidManifest.xml:16:13-36
118
119        <activity
119-->[com.google.android.gms:play-services-base:16.0.1] AndroidManifest.xml:23:9-26:75
120            android:name="com.google.android.gms.common.api.GoogleApiActivity"
120-->[com.google.android.gms:play-services-base:16.0.1] AndroidManifest.xml:24:13-79
121            android:exported="false"
121-->[com.google.android.gms:play-services-base:16.0.1] AndroidManifest.xml:25:13-37
122            android:theme="@android:style/Theme.Translucent.NoTitleBar" />
122-->[com.google.android.gms:play-services-base:16.0.1] AndroidManifest.xml:26:13-72
123
124        <receiver
124-->[com.google.android.gms:play-services-measurement:16.5.0] AndroidManifest.xml:29:9-33:20
125            android:name="com.google.android.gms.measurement.AppMeasurementReceiver"
125-->[com.google.android.gms:play-services-measurement:16.5.0] AndroidManifest.xml:30:13-85
126            android:enabled="true"
126-->[com.google.android.gms:play-services-measurement:16.5.0] AndroidManifest.xml:31:13-35
127            android:exported="false" >
127-->[com.google.android.gms:play-services-measurement:16.5.0] AndroidManifest.xml:32:13-37
128        </receiver>
129        <receiver
129-->[com.google.android.gms:play-services-measurement:16.5.0] AndroidManifest.xml:34:9-42:20
130            android:name="com.google.android.gms.measurement.AppMeasurementInstallReferrerReceiver"
130-->[com.google.android.gms:play-services-measurement:16.5.0] AndroidManifest.xml:35:13-100
131            android:enabled="true"
131-->[com.google.android.gms:play-services-measurement:16.5.0] AndroidManifest.xml:36:13-35
132            android:exported="true"
132-->[com.google.android.gms:play-services-measurement:16.5.0] AndroidManifest.xml:37:13-36
133            android:permission="android.permission.INSTALL_PACKAGES" >
133-->[com.google.android.gms:play-services-measurement:16.5.0] AndroidManifest.xml:38:13-69
134            <intent-filter>
134-->[com.google.android.gms:play-services-measurement:16.5.0] AndroidManifest.xml:39:13-41:29
135                <action android:name="com.android.vending.INSTALL_REFERRER" />
135-->[com.google.android.gms:play-services-measurement:16.5.0] AndroidManifest.xml:40:17-79
135-->[com.google.android.gms:play-services-measurement:16.5.0] AndroidManifest.xml:40:25-76
136            </intent-filter>
137        </receiver>
138
139        <service
139-->[com.google.android.gms:play-services-measurement:16.5.0] AndroidManifest.xml:44:9-47:40
140            android:name="com.google.android.gms.measurement.AppMeasurementService"
140-->[com.google.android.gms:play-services-measurement:16.5.0] AndroidManifest.xml:45:13-84
141            android:enabled="true"
141-->[com.google.android.gms:play-services-measurement:16.5.0] AndroidManifest.xml:46:13-35
142            android:exported="false" />
142-->[com.google.android.gms:play-services-measurement:16.5.0] AndroidManifest.xml:47:13-37
143        <service
143-->[com.google.android.gms:play-services-measurement:16.5.0] AndroidManifest.xml:48:9-52:72
144            android:name="com.google.android.gms.measurement.AppMeasurementJobService"
144-->[com.google.android.gms:play-services-measurement:16.5.0] AndroidManifest.xml:49:13-87
145            android:enabled="true"
145-->[com.google.android.gms:play-services-measurement:16.5.0] AndroidManifest.xml:50:13-35
146            android:exported="false"
146-->[com.google.android.gms:play-services-measurement:16.5.0] AndroidManifest.xml:51:13-37
147            android:permission="android.permission.BIND_JOB_SERVICE" />
147-->[com.google.android.gms:play-services-measurement:16.5.0] AndroidManifest.xml:52:13-69
148
149        <meta-data
149-->[com.google.android.gms:play-services-basement:16.2.0] AndroidManifest.xml:23:9-25:69
150            android:name="com.google.android.gms.version"
150-->[com.google.android.gms:play-services-basement:16.2.0] AndroidManifest.xml:24:13-58
151            android:value="@integer/google_play_services_version" />
151-->[com.google.android.gms:play-services-basement:16.2.0] AndroidManifest.xml:25:13-66
152    </application>
153
154</manifest>